<?xml version="1.0" encoding="UTF-8"?>
<testsuite name="com.testRunner.RyanairSearchTests" tests="0" skipped="0" failures="0" errors="0" timestamp="1970-01-01T00:00:00" hostname="SG-2708" time="0.0">
  <properties/>
  <system-out><![CDATA[Feature: Ryanair booking
  In order to book a trip
  As a generic user
  I want to search a flight  from some city
  to another city in the given days by the user
  for the given number and types of passengers

  @parametros
  Scenario Outline: Ryanair booking with parameters table ?[90m# src/test/resources/features/example.feature:22?[0m
    ?[36mGiven I have ryanair webpage open in Chrome?[0m
    ?[36mAnd I close cookies politics?[0m
    ?[36mWhen I click for '<direccion>'?[0m
    ?[36mAnd I want to go from '<salida>'?[0m
    ?[36mAnd I want to go to '<llegada>'?[0m
    ?[36mAnd I want to go in date '<date>'?[0m
    ?[36mAnd I want to return in date '<dateReturn>'?[0m
    ?[36mAnd The trip is for '<numberOfAdults>' adults?[0m
    ?[36mAnd I click in go button?[0m
    ?[36mAnd I tab to result page?[0m
    ?[36mThen I see the result page with almost one flight?[0m

    Examples: 

  @parametros
  Scenario Outline: Ryanair booking with parameters table ?[90m# src/test/resources/features/example.feature:37?[0m

1 Scenarios (?[32m1 passed?[0m)
11 Steps (?[32m11 passed?[0m)
0m54,345s

]]></system-out>
  <system-err><![CDATA[SLF4J: Failed to load class "org.slf4j.impl.StaticLoggerBinder".
SLF4J: Defaulting to no-operation (NOP) logger implementation
SLF4J: See http://www.slf4j.org/codes.html#StaticLoggerBinder for further details.
]]></system-err>
</testsuite>
