<?xml version="1.0" encoding="UTF-8"?>
<testsuite name="com.testRunner.RyanairSearchTests" tests="0" skipped="0" failures="0" errors="0" timestamp="1970-01-01T00:00:00" hostname="SG-2708" time="0.0">
  <properties/>
  <system-out><![CDATA[Feature: Ryanair booking
  In order to book a trip
  As a generic user
  I want to search a flight  from some city
  to another city in the given days by the user
  for the given number and types of passengers

  @parametros
  Scenario: Ryanair booking                           ?[90m# src/test/resources/features/example.feature:9?[0m

1 Scenarios (?[32m1 passed?[0m)
10 Steps (?[32m10 passed?[0m)
0m45,354s

]]></system-out>
  <system-err><![CDATA[SLF4J: Failed to load class "org.slf4j.impl.StaticLoggerBinder".
SLF4J: Defaulting to no-operation (NOP) logger implementation
SLF4J: See http://www.slf4j.org/codes.html#StaticLoggerBinder for further details.
]]></system-err>
</testsuite>
